Removed Pin From Net: NetName=GND Pin=C2-2
Change Component Footprint: Designator=C1 Old Footprint=CAP TH ALPOLY D8.00mm S3.50mm H21.50mm New Footprint=CAP_RDER71H223K0M1H03A
Change Component Footprint: Designator=C2 Old Footprint=CAP TH ALPOLY D8.00mm S3.50mm H21.50mm New Footprint=CAPPRD500W60D1000H1600
Change Component Footprint: Designator=C4 Old Footprint=CAP TH ALPOLY D8.00mm S3.50mm H21.50mm New Footprint=CAPRR750W60L1000T450H1000
Change Component Footprint: Designator=L1 Old Footprint=Murata LQW18 0603 New Footprint=WE-TI_1016
Change Component Comment : Designator=C2 Old Comment=1.5 nF New Comment=1000uF
Change Component Comment : Designator=C1 Old Comment=10 nF New Comment=22nF
Change Component Comment : Designator=L1 Old Comment=220 nH New Comment=100uH, 2.45A
Change Component Comment : Designator=C4 Old Comment=1000uH New Comment=1.5nF
Change component parameters: Designator = "C2" ("C2"); Footprint = "CAP TH ALPOLY D8.00mm S3.50mm H21.50mm"; UniqueID = "\LBAJYPIT" ("\LBAJYPIT")
Change component parameters (AddParameter): Name = "Availability"; Value = "Not in stock"; VariantName = "[No Variations]"
Change component parameters (AddParameter): Name = "Check_prices"; Value = "https://www.snapeda.com/parts/EEUFK1C102B/Panasonic/view-part/5795499/?ref=eda"; VariantName = "[No Variations]"
Change component parameters (AddParameter): Name = "MF"; Value = "Panasonic"; VariantName = "[No Variations]"
Change component parameters (AddParameter): Name = "MP"; Value = "EEUFK1C102B"; VariantName = "[No Variations]"
Change component parameters (AddParameter): Name = "Package"; Value = "RADIAL-2 Panasonic"; VariantName = "[No Variations]"
Change component parameters (AddParameter): Name = "Price"; Value = "None"; VariantName = "[No Variations]"
Change component parameters (AddParameter): Name = "SnapEDA_Link"; Value = "https://www.snapeda.com/parts/EEUFK1C102B/Panasonic/view-part/5795499/?ref=snap"; VariantName = "[No Variations]"
Change component parameters (AddParameter): Name = "Value"; Value = ""; VariantName = "[No Variations]"
Change component parameters: Designator = "C4" ("C4"); Footprint = "CAP TH ALPOLY D8.00mm S3.50mm H21.50mm"; UniqueID = "\AOBJHAEI" ("\AOBJHAEI")
Change component parameters (AddParameter): Name = "Availability"; Value = "Unavailable"; VariantName = "[No Variations]"
Change component parameters (AddParameter): Name = "MF"; Value = ""; VariantName = "[No Variations]"
Change component parameters (AddParameter): Name = "MP"; Value = "ECQE6152KF"; VariantName = "[No Variations]"
Change component parameters (AddParameter): Name = "Package"; Value = "None"; VariantName = "[No Variations]"
Change component parameters (AddParameter): Name = "Price"; Value = "None"; VariantName = "[No Variations]"
Change component parameters (AddParameter): Name = "Value"; Value = ""; VariantName = "[No Variations]"
Added Component: Designator=D1(DIOAD1036W78L470D235)
Add component (AddParameter): Name = "Check_prices"; Value = "https://www.snapeda.com/parts/UF4007/taiwan/view-part/?ref=eda"; VariantName = "[No Variations]"
Add component (AddParameter): Name = "MF"; Value = "Taiwan Semiconductor"; VariantName = "[No Variations]"
Add component (AddParameter): Name = "MP"; Value = "UF4007"; VariantName = "[No Variations]"
Add component (AddParameter): Name = "Package"; Value = "DO-41-2 Taiwan Semiconductor"; VariantName = "[No Variations]"
Add component (AddParameter): Name = "SnapEDA_Link"; Value = "https://www.snapeda.com/parts/UF4007/taiwan/view-part/?ref=snap"; VariantName = "[No Variations]"
Add component (AddParameter): Name = "Value"; Value = ""; VariantName = "[No Variations]"
Added Pin To Net: NetName=GND Pin=C2-N
Added Pin To Net: NetName=GND Pin=C3-2
Added Pin To Net: NetName=NetD1_A Pin=D1-A
Added Pin To Net: NetName=NetC2_P Pin=C2-P
Added Pin To Net: NetName=NetC2_P Pin=D1-C
Added Pin To Net: NetName=NetC2_P Pin=R2-2
Added Pin To Net: NetName=NetC2_P Pin=R4-2
Added Net: Name=NetC2_P
Added Member To Class: ClassName=Sheet2 Member=Component C4 1.5nF
Added Member To Class: ClassName=Sheet2 Member=Component D1 UF4007
Added Member To Class: ClassName=Sheet2 Member=Component R6 11.46K
